-------------------------------------------------------------------------------
Test set: com.zensar.PurchaseApplicationTests
-------------------------------------------------------------------------------
Tests run: 1, Failures: 0, Errors: 1, Skipped: 0, Time elapsed: 0.414 s <<< FAILURE! - in com.zensar.PurchaseApplicationTests
com.zensar.PurchaseApplicationTests  Time elapsed: 0.412 s  <<< ERROR!
java.lang.IllegalStateException: Unable to find a @SpringBootConfiguration, you need to use @ContextConfiguration or @SpringBootTest(classes=...) with your test

